Using pre-set license
Built from '2020.2/staging' branch; Version is '2020.2.3f1 (8ff31bc5bf5b) revision 9433883'; Using compiler version '192528614'; Build Type 'Release'
OS: 'Windows 10 Home; OS build 18363.1441; Version 1909; 64bit' Language: 'zh' Physical Memory: 8047 MB
BatchMode: 1, IsHumanControllingUs: 0, StartBugReporterOnCrash: 0, Is64bit: 1, IsPro: 0

 COMMAND LINE ARGUMENTS:
D:\Program Files\2020.2.3f1\Editor\Unity.exe
-adb2
-batchMode
-noUpm
-name
AssetImportWorker2
-projectPath
D:/GBC/MOBILE GAME DEVELOPMENT II/GAME3004-Lab8
-logFile
Logs/AssetImportWorker2.log
-srvPort
60355
Successfully changed project path to: D:/GBC/MOBILE GAME DEVELOPMENT II/GAME3004-Lab8
D:/GBC/MOBILE GAME DEVELOPMENT II/GAME3004-Lab8
Using Asset Import Pipeline V2.
Refreshing native plugins compatible for Editor in 45.14 ms, found 0 plugins.
Preloading 0 native plugins for Editor in 0.00 ms.
Initialize engine version: 2020.2.3f1 (8ff31bc5bf5b)
[Subsystems] Discovering subsystems at path D:/Program Files/2020.2.3f1/Editor/Data/Resources/UnitySubsystems
[Subsystems] Discovering subsystems at path D:/GBC/MOBILE GAME DEVELOPMENT II/GAME3004-Lab8/Assets
GfxDevice: creating device client; threaded=0
Direct3D:
    Version:  Direct3D 11.0 [level 11.1]
    Renderer: NVIDIA GeForce GTX 1050 (ID=0x1c8d)
    Vendor:   
    VRAM:     1979 MB
    Driver:   26.21.14.4587
Shader 'Universal Render Pipeline/Particles/Lit': fallback shader 'Universal Render Pipeline/Particles/SimpleLit' not found
Initialize mono
Mono path[0] = 'D:/Program Files/2020.2.3f1/Editor/Data/Managed'
Mono path[1] = 'D:/Program Files/2020.2.3f1/Editor/Data/MonoBleedingEdge/lib/mono/unityjit'
Mono config path = 'D:/Program Files/2020.2.3f1/Editor/Data/MonoBleedingEdge/etc'
Using monoOptions --debugger-agent=transport=dt_socket,embedding=1,server=y,suspend=n,address=127.0.0.1:56112
Begin MonoManager ReloadAssembly
Registering precompiled unity dll's ...
Register platform support module: D:/Program Files/2020.2.3f1/Editor/Data/PlaybackEngines/WebGLSupport/UnityEditor.WebGL.Extensions.dll
Register platform support module: D:/Program Files/2020.2.3f1/Editor/Data/PlaybackEngines/WindowsStandaloneSupport/UnityEditor.WindowsStandalone.Extensions.dll
Registered in 0.000970 seconds.
Native extension for WindowsStandalone target not found
Native extension for WebGL target not found
Refreshing native plugins compatible for Editor in 40.96 ms, found 0 plugins.
Preloading 0 native plugins for Editor in 0.00 ms.
Invoked RoslynAnalysisRunner static constructor.
RoslynAnalysisRunner will not be running.
RoslynAnalysisRunner has terminated.
Mono: successfully reloaded assembly
- Completed reload, in  1.385 seconds
Platform modules already initialized, skipping
Registering precompiled user dll's ...
Registered in 0.001076 seconds.
Begin MonoManager ReloadAssembly
Native extension for WindowsStandalone target not found
Native extension for WebGL target not found
Refreshing native plugins compatible for Editor in 65.54 ms, found 0 plugins.
Preloading 0 native plugins for Editor in 0.00 ms.
Invoked RoslynAnalysisRunner static constructor.
RoslynAnalysisRunner will not be running.
RoslynAnalysisRunner has terminated.
Mono: successfully reloaded assembly
- Completed reload, in  2.135 seconds
Platform modules already initialized, skipping
========================================================================
Worker process is ready to serve import requests
Shader 'Universal Render Pipeline/Particles/Lit': fallback shader 'Universal Render Pipeline/Particles/SimpleLit' not found
Launched and connected shader compiler UnityShaderCompiler.exe after 0.27 seconds
Refreshing native plugins compatible for Editor in 0.94 ms, found 0 plugins.
Preloading 0 native plugins for Editor in 0.00 ms.
Unloading 2467 Unused Serialized files (Serialized files now loaded: 0)
System memory in use before: 120.6 MB.
System memory in use after: 120.8 MB.

Unloading 10 unused Assets to reduce memory usage. Loaded Objects now: 2912.
Total: 5.587100 ms (FindLiveObjects: 0.453400 ms CreateObjectMapping: 0.241300 ms MarkObjects: 4.741900 ms  DeleteObjects: 0.148500 ms)

========================================================================
Received Import Request.
  path: Assets/_Scenes/Start.unity
  artifactKey: Guid(669340cd01af9cd498320841cc01cabc) Importer(815301076,1909f56bfc062723c751e8b465ee728b)
Start importing Assets/_Scenes/Start.unity using Guid(669340cd01af9cd498320841cc01cabc) Importer(815301076,1909f56bfc062723c751e8b465ee728b)  -> (artifact id: '159b5967b997843dbc549f09d15fa737') in 0.037488 seconds
  Import took 0.047040 seconds .

========================================================================
Received Import Request.
  Time since last request: 0.002744 seconds.
  path: Assets/_Scenes/Main.unity
  artifactKey: Guid(9fc0d4010bbf28b4594072e72b8655ab) Importer(815301076,1909f56bfc062723c751e8b465ee728b)
Start importing Assets/_Scenes/Main.unity using Guid(9fc0d4010bbf28b4594072e72b8655ab) Importer(815301076,1909f56bfc062723c751e8b465ee728b)  -> (artifact id: '9adb26dd3d7f2ce89b681889c6a328ad') in 0.003116 seconds
  Import took 0.011113 seconds .

========================================================================
Received Prepare
Registering precompiled user dll's ...
Registered in 0.000936 seconds.
Begin MonoManager ReloadAssembly
Native extension for WindowsStandalone target not found
Native extension for WebGL target not found
Refreshing native plugins compatible for Editor in 0.44 ms, found 0 plugins.
Preloading 0 native plugins for Editor in 0.00 ms.
Invoked RoslynAnalysisRunner static constructor.
RoslynAnalysisRunner will not be running.
RoslynAnalysisRunner has terminated.
Mono: successfully reloaded assembly
- Completed reload, in  0.896 seconds
Platform modules already initialized, skipping
Shader 'Universal Render Pipeline/Particles/Lit': fallback shader 'Universal Render Pipeline/Particles/SimpleLit' not found
Refreshing native plugins compatible for Editor in 0.37 ms, found 0 plugins.
Preloading 0 native plugins for Editor in 0.00 ms.
Unloading 2355 Unused Serialized files (Serialized files now loaded: 0)
System memory in use before: 114.6 MB.
System memory in use after: 114.8 MB.

Unloading 5 unused Assets to reduce memory usage. Loaded Objects now: 2914.
Total: 2.696600 ms (FindLiveObjects: 0.388500 ms CreateObjectMapping: 0.172800 ms MarkObjects: 2.110700 ms  DeleteObjects: 0.023400 ms)

========================================================================
Received Import Request.
  Time since last request: 3095.710422 seconds.
  path: Assets/Models/Pillar.blend
  artifactKey: Guid(418e3c2b94637324f851649c0318765b) Importer(815301076,1909f56bfc062723c751e8b465ee728b)
Start importing Assets/Models/Pillar.blend using Guid(418e3c2b94637324f851649c0318765b) Importer(815301076,1909f56bfc062723c751e8b465ee728b)  -> (artifact id: 'f191701a9be0a8373f5cf713b16e9508') in 6.353117 seconds
  Import took 6.469851 seconds .

========================================================================
Received Import Request.
  Time since last request: 0.011976 seconds.
  path: Assets/Models/Tile2.blend
  artifactKey: Guid(c825a98b599f99d428b5aee50beced7c) Importer(815301076,1909f56bfc062723c751e8b465ee728b)
Start importing Assets/Models/Tile2.blend using Guid(c825a98b599f99d428b5aee50beced7c) Importer(815301076,1909f56bfc062723c751e8b465ee728b)  -> (artifact id: 'f8612ae5c0fab004eac7eecc99193c1a') in 0.743117 seconds
  Import took 0.749459 seconds .

========================================================================
Received Import Request.
  Time since last request: 0.000352 seconds.
  path: Assets/Models/Tile1.blend
  artifactKey: Guid(f1cc683fcee137c4fa4c2d99acd6c762) Importer(815301076,1909f56bfc062723c751e8b465ee728b)
Start importing Assets/Models/Tile1.blend using Guid(f1cc683fcee137c4fa4c2d99acd6c762) Importer(815301076,1909f56bfc062723c751e8b465ee728b)  -> (artifact id: 'e52fa4aac983e48bc28987902a48ede6') in 0.103452 seconds
  Import took 0.109602 seconds .

========================================================================
Received Import Request.
  Time since last request: 7.766565 seconds.
  path: Assets/Materials/EnemyMarker.mat
  artifactKey: Guid(d23d2881117e6824b9184549d6d981a9) Importer(815301076,1909f56bfc062723c751e8b465ee728b)
Start importing Assets/Materials/EnemyMarker.mat using Guid(d23d2881117e6824b9184549d6d981a9) Importer(815301076,1909f56bfc062723c751e8b465ee728b)  -> (artifact id: 'e88d93799c5977e3f37e72860a0c4ab6') in 0.147672 seconds
  Import took 0.178174 seconds .

========================================================================
Received Import Request.
  Time since last request: 0.000335 seconds.
  path: Assets/Materials/SilhouettedEffectMaterial.mat
  artifactKey: Guid(34ae78256d14d4d428ca72d064bf7040) Importer(815301076,1909f56bfc062723c751e8b465ee728b)
Start importing Assets/Materials/SilhouettedEffectMaterial.mat using Guid(34ae78256d14d4d428ca72d064bf7040) Importer(815301076,1909f56bfc062723c751e8b465ee728b)  -> (artifact id: '2ae16fe1d90bfcf65a73d1112938e9b1') in 0.242112 seconds
  Import took 0.288741 seconds .

========================================================================
Received Import Request.
  Time since last request: 0.000372 seconds.
  path: Assets/Materials/PillarMaterial.mat
  artifactKey: Guid(fad7f667d85816d4cafe25455e019d68) Importer(815301076,1909f56bfc062723c751e8b465ee728b)
Start importing Assets/Materials/PillarMaterial.mat using Guid(fad7f667d85816d4cafe25455e019d68) Importer(815301076,1909f56bfc062723c751e8b465ee728b)  -> (artifact id: 'f55cc19b385c7fe321c9e3290a70c71c') in 0.242337 seconds
  Import took 0.256584 seconds .

========================================================================
Received Import Request.
  Time since last request: 0.000353 seconds.
  path: Assets/Materials/Green.mat
  artifactKey: Guid(59f2bc9c6b0290b4a9441e85f888572c) Importer(815301076,1909f56bfc062723c751e8b465ee728b)
Start importing Assets/Materials/Green.mat using Guid(59f2bc9c6b0290b4a9441e85f888572c) Importer(815301076,1909f56bfc062723c751e8b465ee728b)  -> (artifact id: 'b669519fe2142cac1bed7a7a9d1c5e42') in 0.038499 seconds
  Import took 0.043944 seconds .

========================================================================
Received Import Request.
  Time since last request: 0.000460 seconds.
  path: Assets/Materials/Tile2Material.mat
  artifactKey: Guid(a2d8e18078f40a848a68770deba52d76) Importer(815301076,1909f56bfc062723c751e8b465ee728b)
Start importing Assets/Materials/Tile2Material.mat using Guid(a2d8e18078f40a848a68770deba52d76) Importer(815301076,1909f56bfc062723c751e8b465ee728b)  -> (artifact id: '531d6c2f451630d283b86bd9d26878b4') in 0.067011 seconds
  Import took 0.073164 seconds .

========================================================================
Received Import Request.
  Time since last request: 0.000326 seconds.
  path: Assets/Materials/Green.mat
  artifactKey: Guid(59f2bc9c6b0290b4a9441e85f888572c) Importer(815301076,1909f56bfc062723c751e8b465ee728b)
Start importing Assets/Materials/Green.mat using Guid(59f2bc9c6b0290b4a9441e85f888572c) Importer(815301076,1909f56bfc062723c751e8b465ee728b)  -> (artifact id: 'b669519fe2142cac1bed7a7a9d1c5e42') in 0.010097 seconds
  Import took 0.063613 seconds .

========================================================================
Received Import Request.
  Time since last request: 0.000337 seconds.
  path: Assets/Materials/EnemyMarker.mat
  artifactKey: Guid(d23d2881117e6824b9184549d6d981a9) Importer(815301076,1909f56bfc062723c751e8b465ee728b)
Start importing Assets/Materials/EnemyMarker.mat using Guid(d23d2881117e6824b9184549d6d981a9) Importer(815301076,1909f56bfc062723c751e8b465ee728b)  -> (artifact id: 'e88d93799c5977e3f37e72860a0c4ab6') in 0.008275 seconds
  Import took 0.013569 seconds .

========================================================================
Received Import Request.
  Time since last request: 0.000308 seconds.
  path: Assets/Materials/SkyBoxMaterial.mat
  artifactKey: Guid(7a2a6578873f58d4186ce0759e995554) Importer(815301076,1909f56bfc062723c751e8b465ee728b)
Start importing Assets/Materials/SkyBoxMaterial.mat using Guid(7a2a6578873f58d4186ce0759e995554) Importer(815301076,1909f56bfc062723c751e8b465ee728b)  -> (artifact id: '4e2bd2fd04b3aa498acb84456c60ea02') in 0.099076 seconds
  Import took 0.119719 seconds .

========================================================================
Received Import Request.
  Time since last request: 0.000335 seconds.
  path: Assets/Materials/StepMaterial.mat
  artifactKey: Guid(4f967be02b0ac6241856770f8df6cbfd) Importer(815301076,1909f56bfc062723c751e8b465ee728b)
Start importing Assets/Materials/StepMaterial.mat using Guid(4f967be02b0ac6241856770f8df6cbfd) Importer(815301076,1909f56bfc062723c751e8b465ee728b)  -> (artifact id: 'b273cdf44d617e1218bd7111f67a03d6') in 0.848370 seconds
  Import took 0.914643 seconds .

========================================================================
Received Import Request.
  Time since last request: 0.000313 seconds.
  path: Assets/Materials/Zombie-LowerBody.mat
  artifactKey: Guid(b8162bdee3242c140a537eb03fbb1e65) Importer(815301076,1909f56bfc062723c751e8b465ee728b)
Start importing Assets/Materials/Zombie-LowerBody.mat using Guid(b8162bdee3242c140a537eb03fbb1e65) Importer(815301076,1909f56bfc062723c751e8b465ee728b)  -> (artifact id: '61c33130a8c74e340f4f6b439713f0a6') in 0.628852 seconds
  Import took 0.656754 seconds .

========================================================================
Received Import Request.
  Time since last request: 0.000305 seconds.
  path: Assets/Materials/Pillar.mat
  artifactKey: Guid(83a58b49f0f43714cba2a78f087d0f85) Importer(815301076,1909f56bfc062723c751e8b465ee728b)
Start importing Assets/Materials/Pillar.mat using Guid(83a58b49f0f43714cba2a78f087d0f85) Importer(815301076,1909f56bfc062723c751e8b465ee728b)  -> (artifact id: '13e32050c6c441e01d8d70483ae0d4ce') in 0.031167 seconds
  Import took 0.035803 seconds .

========================================================================
Received Import Request.
  Time since last request: 0.000445 seconds.
  path: Assets/Materials/Red.mat
  artifactKey: Guid(cda9dd7c6989da241b05899706573da1) Importer(815301076,1909f56bfc062723c751e8b465ee728b)
Start importing Assets/Materials/Red.mat using Guid(cda9dd7c6989da241b05899706573da1) Importer(815301076,1909f56bfc062723c751e8b465ee728b)  -> (artifact id: 'c55f5cb25d7e3a4268f30e58060a4495') in 0.041600 seconds
  Import took 0.048100 seconds .

========================================================================
Received Import Request.
  Time since last request: 0.000354 seconds.
  path: Assets/Materials/Pillar.mat
  artifactKey: Guid(83a58b49f0f43714cba2a78f087d0f85) Importer(815301076,1909f56bfc062723c751e8b465ee728b)
Start importing Assets/Materials/Pillar.mat using Guid(83a58b49f0f43714cba2a78f087d0f85) Importer(815301076,1909f56bfc062723c751e8b465ee728b)  -> (artifact id: '13e32050c6c441e01d8d70483ae0d4ce') in 0.026636 seconds
  Import took 0.031382 seconds .

========================================================================
Received Import Request.
  Time since last request: 0.000363 seconds.
  path: Assets/Materials/PlayerMarker.mat
  artifactKey: Guid(c0bcd1d6648648b48b2437faa2d579ea) Importer(815301076,1909f56bfc062723c751e8b465ee728b)
Start importing Assets/Materials/PlayerMarker.mat using Guid(c0bcd1d6648648b48b2437faa2d579ea) Importer(815301076,1909f56bfc062723c751e8b465ee728b)  -> (artifact id: 'd3b10a20f825481f387e6b306c5010a6') in 0.072970 seconds
  Import took 0.114241 seconds .

========================================================================
Received Import Request.
  Time since last request: 0.000321 seconds.
  path: Assets/Materials/SelectedEffectMaterial.mat
  artifactKey: Guid(f0cadea2dadb4f14894b60f149b33f94) Importer(815301076,1909f56bfc062723c751e8b465ee728b)
Start importing Assets/Materials/SelectedEffectMaterial.mat using Guid(f0cadea2dadb4f14894b60f149b33f94) Importer(815301076,1909f56bfc062723c751e8b465ee728b)  -> (artifact id: '7565ae7d31385366b01611dae68dc3f8') in 0.037058 seconds
  Import took 0.060848 seconds .

========================================================================
Received Import Request.
  Time since last request: 0.000355 seconds.
  path: Assets/Materials/Zombie-UpperBody.mat
  artifactKey: Guid(e61b167be3dfbfb42a4d86c8b46d3714) Importer(815301076,1909f56bfc062723c751e8b465ee728b)
Start importing Assets/Materials/Zombie-UpperBody.mat using Guid(e61b167be3dfbfb42a4d86c8b46d3714) Importer(815301076,1909f56bfc062723c751e8b465ee728b)  -> (artifact id: '1ae56ce5337948f363e2c55cc4cc73ad') in 0.773941 seconds
  Import took 0.778010 seconds .

========================================================================
Received Prepare
Registering precompiled user dll's ...
Registered in 0.001404 seconds.
Begin MonoManager ReloadAssembly
Native extension for WindowsStandalone target not found
Native extension for WebGL target not found
Refreshing native plugins compatible for Editor in 0.88 ms, found 0 plugins.
Preloading 0 native plugins for Editor in 0.00 ms.
Invoked RoslynAnalysisRunner static constructor.
RoslynAnalysisRunner will not be running.
RoslynAnalysisRunner has terminated.
Mono: successfully reloaded assembly
- Completed reload, in  3.034 seconds
Platform modules already initialized, skipping
Shader 'Universal Render Pipeline/Particles/Lit': fallback shader 'Universal Render Pipeline/Particles/SimpleLit' not found
Refreshing native plugins compatible for Editor in 0.77 ms, found 0 plugins.
Preloading 0 native plugins for Editor in 0.00 ms.
Unloading 2356 Unused Serialized files (Serialized files now loaded: 0)
System memory in use before: 120.9 MB.
System memory in use after: 121.2 MB.

Unloading 5 unused Assets to reduce memory usage. Loaded Objects now: 2998.
Total: 5.561900 ms (FindLiveObjects: 0.754500 ms CreateObjectMapping: 0.354900 ms MarkObjects: 4.384100 ms  DeleteObjects: 0.065700 ms)

AssetImportWorkerClient::OnTransportError - code=2 error=End of file
